Arguments: 
  /usr/bin/node /usr/bin/yarn install

PATH: 
  /home/adonis/.local/bin:/home/adonis/.local/bin:/usr/local/sbin:/usr/local/bin:/usr/sbin:/usr/bin:/sbin:/bin:/usr/games:/usr/local/games:/snap/bin:/snap/bin:/home/adonis/Android/Sdk/emulator:/home/adonis/Android/Sdk/tools:/home/adonis/Android/Sdk/tools/bin:/home/adonis/Android/Sdk/platform-tools:/home/adonis/Android/Sdk/emulator:/home/adonis/Android/Sdk/tools:/home/adonis/Android/Sdk/tools/bin:/home/adonis/Android/Sdk/platform-tools

Yarn version: 
  1.22.10

Node version: 
  14.18.1

Platform: 
  linux x64

Trace: 
  Error: unexpected end of file
      at Zlib.zlibOnError [as onerror] (zlib.js:187:17)

npm manifest: 
  {
    "main": "node_modules/expo/AppEntry.js",
    "scripts": {
      "start": "expo start",
      "android": "expo start --android",
      "ios": "expo start --ios",
      "web": "expo start --web",
      "eject": "expo eject"
    },
    "dependencies": {
      "expo": "~43.0.2",
      "expo-status-bar": "~1.1.0",
      "react": "17.0.1",
      "react-dom": "17.0.1",
      "react-native": "0.64.3",
      "react-native-web": "0.17.1"
    },
    "devDependencies": {
      "@babel/core": "^7.12.9"
    },
    "private": true
  }

yarn manifest: 
  No manifest

Lockfile: 
  No lockfile
